::1 - - [02/May/2025:03:16:13 +0000] "GET /api/v1/products/680b923f835f61c537a63940 HTTP/1.1" 403 43
::1 - - [05/May/2025:00:56:15 +0000] "POST /api/v1/auths/login/ HTTP/1.1" 404 159
::1 - - [05/May/2025:00:56:56 +0000] "POST /api/v1/auths/register/ HTTP/1.1" 404 162
::1 - - [05/May/2025:00:57:13 +0000] "POST /api/v1/auth/register/ HTTP/1.1" 400 192
::1 - - [05/May/2025:00:57:37 +0000] "POST /api/v1/auth/register/ HTTP/1.1" 200 354
::1 - - [05/May/2025:00:57:44 +0000] "POST /api/v1/auth/login/ HTTP/1.1" 400 44
::1 - - [05/May/2025:00:57:51 +0000] "POST /api/v1/auth/login/ HTTP/1.1" 200 825
::1 - - [05/May/2025:00:58:18 +0000] "GET /api/v1/products?page=2&limit=1 HTTP/1.1" 200 718
::1 - - [05/May/2025:00:59:17 +0000] "GET /api/v1/products?page=1&limit=5&sort HTTP/1.1" 200 2396
::1 - - [05/May/2025:00:59:18 +0000] "GET /api/v1/products?page=1&limit=5&sort HTTP/1.1" 200 2396
::1 - - [05/May/2025:00:59:18 +0000] "GET /api/v1/products?page=1&limit=5&sort HTTP/1.1" 200 2396
::1 - - [05/May/2025:00:59:18 +0000] "GET /api/v1/products?page=1&limit=5&sort HTTP/1.1" 200 2396
::1 - - [05/May/2025:00:59:18 +0000] "GET /api/v1/products?page=1&limit=5&sort HTTP/1.1" 200 2396
::1 - - [05/May/2025:00:59:18 +0000] "GET /api/v1/products?page=1&limit=5&sort HTTP/1.1" 200 2396
::1 - - [05/May/2025:00:59:18 +0000] "GET /api/v1/products?page=1&limit=5&sort HTTP/1.1" 200 2396
::1 - - [05/May/2025:00:59:18 +0000] "GET /api/v1/products?page=1&limit=5&sort HTTP/1.1" 200 2396
::1 - - [05/May/2025:00:59:18 +0000] "GET /api/v1/products?page=1&limit=5&sort HTTP/1.1" 200 2396
::1 - - [05/May/2025:00:59:18 +0000] "GET /api/v1/products?page=1&limit=5&sort HTTP/1.1" 200 2396
::1 - - [05/May/2025:00:59:18 +0000] "GET /api/v1/products?page=1&limit=5&sort HTTP/1.1" 200 2396
::1 - - [05/May/2025:00:59:18 +0000] "GET /api/v1/products?page=1&limit=5&sort HTTP/1.1" 200 2396
::1 - - [05/May/2025:00:59:18 +0000] "GET /api/v1/products?page=1&limit=5&sort HTTP/1.1" 200 2396
::1 - - [05/May/2025:00:59:18 +0000] "GET /api/v1/products?page=1&limit=5&sort HTTP/1.1" 200 2396
::1 - - [05/May/2025:00:59:18 +0000] "GET /api/v1/products?page=1&limit=5&sort HTTP/1.1" 200 2396
::1 - - [05/May/2025:00:59:19 +0000] "GET /api/v1/products?page=1&limit=5&sort HTTP/1.1" 200 2396
::1 - - [05/May/2025:00:59:19 +0000] "GET /api/v1/products?page=1&limit=5&sort HTTP/1.1" 200 2396
::1 - - [05/May/2025:00:59:19 +0000] "GET /api/v1/products?page=1&limit=5&sort HTTP/1.1" 200 2396
::1 - - [05/May/2025:00:59:19 +0000] "GET /api/v1/products?page=1&limit=5&sort HTTP/1.1" 200 2396
::1 - - [05/May/2025:00:59:19 +0000] "GET /api/v1/products?page=1&limit=5&sort HTTP/1.1" 200 2396
::1 - - [05/May/2025:00:59:19 +0000] "GET /api/v1/products?page=1&limit=5&sort HTTP/1.1" 200 2396
::1 - - [05/May/2025:00:59:19 +0000] "GET /api/v1/products?page=1&limit=5&sort HTTP/1.1" 200 2396
::1 - - [05/May/2025:00:59:19 +0000] "GET /api/v1/products?page=1&limit=5&sort HTTP/1.1" 200 2396
::1 - - [05/May/2025:00:59:19 +0000] "GET /api/v1/products?page=1&limit=5&sort HTTP/1.1" 200 2396
::1 - - [05/May/2025:00:59:19 +0000] "GET /api/v1/products?page=1&limit=5&sort HTTP/1.1" 200 2396
::1 - - [05/May/2025:00:59:19 +0000] "GET /api/v1/products?page=1&limit=5&sort HTTP/1.1" 200 2396
::1 - - [05/May/2025:00:59:19 +0000] "GET /api/v1/products?page=1&limit=5&sort HTTP/1.1" 200 2396
::1 - - [05/May/2025:00:59:19 +0000] "GET /api/v1/products?page=1&limit=5&sort HTTP/1.1" 200 2396
::1 - - [05/May/2025:00:59:20 +0000] "GET /api/v1/products?page=1&limit=5&sort HTTP/1.1" 200 2396
::1 - - [05/May/2025:00:59:20 +0000] "GET /api/v1/products?page=1&limit=5&sort HTTP/1.1" 200 2396
::1 - - [05/May/2025:00:59:20 +0000] "GET /api/v1/products?page=1&limit=5&sort HTTP/1.1" 200 2396
::1 - - [05/May/2025:00:59:20 +0000] "GET /api/v1/products?page=1&limit=5&sort HTTP/1.1" 200 2396
::1 - - [05/May/2025:00:59:20 +0000] "GET /api/v1/products?page=1&limit=5&sort HTTP/1.1" 200 2396
::1 - - [05/May/2025:00:59:20 +0000] "GET /api/v1/products?page=1&limit=5&sort HTTP/1.1" 200 2396
::1 - - [05/May/2025:00:59:20 +0000] "GET /api/v1/products?page=1&limit=5&sort HTTP/1.1" 200 2396
::1 - - [05/May/2025:00:59:20 +0000] "GET /api/v1/products?page=1&limit=5&sort HTTP/1.1" 200 2396
::1 - - [05/May/2025:00:59:20 +0000] "GET /api/v1/products?page=1&limit=5&sort HTTP/1.1" 200 2396
::1 - - [05/May/2025:00:59:20 +0000] "GET /api/v1/products?page=1&limit=5&sort HTTP/1.1" 200 2396
::1 - - [05/May/2025:00:59:20 +0000] "GET /api/v1/products?page=1&limit=5&sort HTTP/1.1" 200 2396
::1 - - [05/May/2025:00:59:21 +0000] "GET /api/v1/products?page=1&limit=5&sort HTTP/1.1" 200 2396
::1 - - [05/May/2025:00:59:21 +0000] "GET /api/v1/products?page=1&limit=5&sort HTTP/1.1" 200 2396
::1 - - [05/May/2025:00:59:21 +0000] "GET /api/v1/products?page=1&limit=5&sort HTTP/1.1" 200 2396
::1 - - [05/May/2025:00:59:21 +0000] "GET /api/v1/products?page=1&limit=5&sort HTTP/1.1" 200 2396
::1 - - [05/May/2025:00:59:21 +0000] "GET /api/v1/products?page=1&limit=5&sort HTTP/1.1" 200 2396
::1 - - [05/May/2025:00:59:21 +0000] "GET /api/v1/products?page=1&limit=5&sort HTTP/1.1" 200 2396
::1 - - [05/May/2025:00:59:21 +0000] "GET /api/v1/products?page=1&limit=5&sort HTTP/1.1" 200 2396
::1 - - [05/May/2025:00:59:21 +0000] "GET /api/v1/products?page=1&limit=5&sort HTTP/1.1" 200 2396
::1 - - [05/May/2025:00:59:21 +0000] "GET /api/v1/products?page=1&limit=5&sort HTTP/1.1" 200 2396
::1 - - [05/May/2025:00:59:21 +0000] "GET /api/v1/products?page=1&limit=5&sort HTTP/1.1" 200 2396
::1 - - [05/May/2025:00:59:21 +0000] "GET /api/v1/products?page=1&limit=5&sort HTTP/1.1" 200 2396
::1 - - [05/May/2025:00:59:21 +0000] "GET /api/v1/products?page=1&limit=5&sort HTTP/1.1" 200 2396
::1 - - [05/May/2025:00:59:22 +0000] "GET /api/v1/products?page=1&limit=5&sort HTTP/1.1" 200 2396
::1 - - [05/May/2025:00:59:22 +0000] "GET /api/v1/products?page=1&limit=5&sort HTTP/1.1" 200 2396
::1 - - [05/May/2025:00:59:22 +0000] "GET /api/v1/products?page=1&limit=5&sort HTTP/1.1" 200 2396
::1 - - [05/May/2025:00:59:22 +0000] "GET /api/v1/products?page=1&limit=5&sort HTTP/1.1" 200 2396
::1 - - [05/May/2025:00:59:22 +0000] "GET /api/v1/products?page=1&limit=5&sort HTTP/1.1" 200 2396
::1 - - [05/May/2025:00:59:22 +0000] "GET /api/v1/products?page=1&limit=5&sort HTTP/1.1" 200 2396
::1 - - [05/May/2025:00:59:22 +0000] "GET /api/v1/products?page=1&limit=5&sort HTTP/1.1" 200 2396
::1 - - [05/May/2025:00:59:22 +0000] "GET /api/v1/products?page=1&limit=5&sort HTTP/1.1" 200 2396
::1 - - [05/May/2025:00:59:22 +0000] "GET /api/v1/products?page=1&limit=5&sort HTTP/1.1" 200 2396
::1 - - [05/May/2025:00:59:22 +0000] "GET /api/v1/products?page=1&limit=5&sort HTTP/1.1" 200 2396
::1 - - [05/May/2025:00:59:22 +0000] "GET /api/v1/products?page=1&limit=5&sort HTTP/1.1" 200 2396
::1 - - [05/May/2025:00:59:22 +0000] "GET /api/v1/products?page=1&limit=5&sort HTTP/1.1" 200 2396
::1 - - [05/May/2025:00:59:22 +0000] "GET /api/v1/products?page=1&limit=5&sort HTTP/1.1" 200 2396
::1 - - [05/May/2025:00:59:22 +0000] "GET /api/v1/products?page=1&limit=5&sort HTTP/1.1" 200 2396
::1 - - [05/May/2025:00:59:23 +0000] "GET /api/v1/products?page=1&limit=5&sort HTTP/1.1" 200 2396
::1 - - [05/May/2025:00:59:23 +0000] "GET /api/v1/products?page=1&limit=5&sort HTTP/1.1" 200 2396
::1 - - [05/May/2025:00:59:23 +0000] "GET /api/v1/products?page=1&limit=5&sort HTTP/1.1" 200 2396
::1 - - [05/May/2025:00:59:23 +0000] "GET /api/v1/products?page=1&limit=5&sort HTTP/1.1" 200 2396
::1 - - [05/May/2025:00:59:23 +0000] "GET /api/v1/products?page=1&limit=5&sort HTTP/1.1" 200 2396
::1 - - [05/May/2025:00:59:23 +0000] "GET /api/v1/products?page=1&limit=5&sort HTTP/1.1" 200 2396
::1 - - [05/May/2025:00:59:23 +0000] "GET /api/v1/products?page=1&limit=5&sort HTTP/1.1" 200 2396
::1 - - [05/May/2025:00:59:23 +0000] "GET /api/v1/products?page=1&limit=5&sort HTTP/1.1" 200 2396
::1 - - [05/May/2025:00:59:23 +0000] "GET /api/v1/products?page=1&limit=5&sort HTTP/1.1" 200 2396
::1 - - [05/May/2025:00:59:23 +0000] "GET /api/v1/products?page=1&limit=5&sort HTTP/1.1" 200 2396
::1 - - [05/May/2025:00:59:23 +0000] "GET /api/v1/products?page=1&limit=5&sort HTTP/1.1" 200 2396
::1 - - [05/May/2025:00:59:23 +0000] "GET /api/v1/products?page=1&limit=5&sort HTTP/1.1" 200 2396
::1 - - [05/May/2025:00:59:23 +0000] "GET /api/v1/products?page=1&limit=5&sort HTTP/1.1" 200 2396
::1 - - [05/May/2025:00:59:24 +0000] "GET /api/v1/products?page=1&limit=5&sort HTTP/1.1" 200 2396
::1 - - [05/May/2025:00:59:24 +0000] "GET /api/v1/products?page=1&limit=5&sort HTTP/1.1" 200 2396
::1 - - [05/May/2025:00:59:24 +0000] "GET /api/v1/products?page=1&limit=5&sort HTTP/1.1" 200 2396
::1 - - [05/May/2025:00:59:24 +0000] "GET /api/v1/products?page=1&limit=5&sort HTTP/1.1" 200 2396
::1 - - [05/May/2025:00:59:24 +0000] "GET /api/v1/products?page=1&limit=5&sort HTTP/1.1" 200 2396
::1 - - [05/May/2025:00:59:24 +0000] "GET /api/v1/products?page=1&limit=5&sort HTTP/1.1" 200 2396
::1 - - [05/May/2025:00:59:24 +0000] "GET /api/v1/products?page=1&limit=5&sort HTTP/1.1" 200 2396
::1 - - [05/May/2025:00:59:24 +0000] "GET /api/v1/products?page=1&limit=5&sort HTTP/1.1" 200 2396
::1 - - [05/May/2025:00:59:24 +0000] "GET /api/v1/products?page=1&limit=5&sort HTTP/1.1" 200 2396
::1 - - [05/May/2025:00:59:24 +0000] "GET /api/v1/products?page=1&limit=5&sort HTTP/1.1" 200 2396
::1 - - [05/May/2025:00:59:24 +0000] "GET /api/v1/products?page=1&limit=5&sort HTTP/1.1" 200 2396
::1 - - [05/May/2025:00:59:24 +0000] "GET /api/v1/products?page=1&limit=5&sort HTTP/1.1" 200 2396
::1 - - [05/May/2025:00:59:24 +0000] "GET /api/v1/products?page=1&limit=5&sort HTTP/1.1" 200 2396
::1 - - [05/May/2025:00:59:25 +0000] "GET /api/v1/products?page=1&limit=5&sort HTTP/1.1" 200 2396
::1 - - [05/May/2025:00:59:25 +0000] "GET /api/v1/products?page=1&limit=5&sort HTTP/1.1" 200 2396
::1 - - [05/May/2025:07:34:07 +0000] "GET /api/categories?page=1&limit=2 HTTP/1.1" 404 153
::1 - - [05/May/2025:07:34:28 +0000] "GET /api/v1/categories?page=1&limit=2 HTTP/1.1" 200 504
::1 - - [05/May/2025:07:34:43 +0000] "POST /api/products/ HTTP/1.1" 404 153
::1 - - [05/May/2025:07:35:07 +0000] "POST /api/v1/products/ HTTP/1.1" 400 289
::1 - - [05/May/2025:07:43:46 +0000] "POST /api/v1/products/ HTTP/1.1" 400 289
::1 - - [05/May/2025:07:51:12 +0000] "POST /api/v1/products/ HTTP/1.1" 400 160
::1 - - [05/May/2025:07:55:25 +0000] "POST /api/v1/products/ HTTP/1.1" 400 104
::1 - - [05/May/2025:07:55:49 +0000] "POST /api/v1/products/ HTTP/1.1" 400 104
::1 - - [05/May/2025:07:58:19 +0000] "POST /api/v1/products/ HTTP/1.1" 400 171
::1 - - [05/May/2025:08:03:08 +0000] "POST /api/v1/products/ HTTP/1.1" 400 171
::1 - - [05/May/2025:08:03:52 +0000] "POST /api/v1/products/ HTTP/1.1" 400 171
::1 - - [05/May/2025:08:05:05 +0000] "POST /api/v1/products/ HTTP/1.1" 400 171
::1 - - [05/May/2025:08:07:02 +0000] "POST /api/v1/products/ HTTP/1.1" 400 171
::1 - - [05/May/2025:08:26:21 +0000] "POST /api/v1/products/ HTTP/1.1" 400 171
::1 - - [05/May/2025:08:27:36 +0000] "POST /api/v1/products/ HTTP/1.1" 400 171
::1 - - [05/May/2025:08:28:42 +0000] "POST /api/v1/products/ HTTP/1.1" 403 43
::1 - - [05/May/2025:08:29:12 +0000] "POST /api/v1/auth/login/ HTTP/1.1" - -
::1 - - [05/May/2025:08:30:31 +0000] "POST /api/v1/auth/login/ HTTP/1.1" 200 825
::1 - - [05/May/2025:08:30:53 +0000] "POST /api/v1/products/ HTTP/1.1" 403 43
::1 - - [05/May/2025:08:36:27 +0000] "POST /api/v1/products/ HTTP/1.1" - -
::1 - - [05/May/2025:08:46:13 +0000] "POST /api/v1/products/ HTTP/1.1" - -
::1 - - [05/May/2025:08:47:05 +0000] "POST /api/v1/products/ HTTP/1.1" 500 51
::1 - - [05/May/2025:08:59:31 +0000] "POST /api/v1/products/ HTTP/1.1" 500 51
::1 - - [05/May/2025:09:02:54 +0000] "POST /api/v1/products/ HTTP/1.1" 500 51
::1 - - [05/May/2025:09:03:30 +0000] "POST /api/v1/products/ HTTP/1.1" 400 171
::1 - - [05/May/2025:09:07:37 +0000] "POST /api/v1/products/ HTTP/1.1" 400 31
::1 - - [05/May/2025:09:07:43 +0000] "POST /api/v1/products/ HTTP/1.1" 400 31
::1 - - [05/May/2025:09:08:33 +0000] "POST /api/v1/products/ HTTP/1.1" 400 31
::1 - - [05/May/2025:09:12:51 +0000] "POST /api/v1/products/ HTTP/1.1" 400 171
::1 - - [05/May/2025:09:13:27 +0000] "POST /api/v1/products/ HTTP/1.1" 400 171
::1 - - [05/May/2025:09:14:01 +0000] "POST /api/v1/products/ HTTP/1.1" 400 31
::1 - - [05/May/2025:09:17:55 +0000] "POST /api/v1/products/ HTTP/1.1" 400 171
::1 - - [05/May/2025:09:18:33 +0000] "POST /api/v1/products/ HTTP/1.1" 400 171
::1 - - [05/May/2025:09:20:16 +0000] "POST /api/v1/products/ HTTP/1.1" 400 171
::1 - - [05/May/2025:09:20:50 +0000] "POST /api/v1/products/ HTTP/1.1" 400 171
::1 - - [05/May/2025:09:22:18 +0000] "POST /api/v1/products/ HTTP/1.1" 500 51
::1 - - [05/May/2025:09:23:41 +0000] "POST /api/v1/products/ HTTP/1.1" 400 171
::1 - - [05/May/2025:09:24:05 +0000] "POST /api/v1/products/ HTTP/1.1" 400 171
::1 - - [05/May/2025:09:25:00 +0000] "POST /api/v1/categories/ HTTP/1.1" 200 229
::1 - - [05/May/2025:09:25:21 +0000] "POST /api/v1/categories/ HTTP/1.1" 200 229
::1 - - [05/May/2025:09:26:01 +0000] "POST /api/v1/products/ HTTP/1.1" 400 181
::1 - - [05/May/2025:09:26:31 +0000] "POST /api/v1/products/ HTTP/1.1" 400 181
::1 - - [05/May/2025:09:28:05 +0000] "POST /api/v1/products/ HTTP/1.1" 400 171
::1 - - [05/May/2025:09:28:30 +0000] "POST /api/v1/products/ HTTP/1.1" 400 171
::1 - - [05/May/2025:09:30:33 +0000] "POST /api/v1/categories/ HTTP/1.1" 403 43
::1 - - [05/May/2025:09:30:41 +0000] "POST /api/v1/auth/login/ HTTP/1.1" 200 825
::1 - - [05/May/2025:09:30:54 +0000] "POST /api/v1/categories/ HTTP/1.1" 200 233
::1 - - [05/May/2025:09:31:33 +0000] "POST /api/v1/products/ HTTP/1.1" 400 171
::1 - - [05/May/2025:09:33:47 +0000] "POST /api/v1/products/ HTTP/1.1" 400 171
::1 - - [05/May/2025:09:34:12 +0000] "POST /api/v1/products/ HTTP/1.1" 400 171
::1 - - [05/May/2025:09:34:53 +0000] "POST /api/v1/products/ HTTP/1.1" 400 171
::1 - - [05/May/2025:09:36:24 +0000] "POST /api/v1/products/ HTTP/1.1" 400 171
::1 - - [06/May/2025:00:55:23 +0000] "GET /api/v1/categories?page=1&limit=2 HTTP/1.1" 200 504
::1 - - [06/May/2025:00:55:56 +0000] "GET /api/v1/categories?page=1&limit=10 HTTP/1.1" 200 859
::1 - - [06/May/2025:00:57:32 +0000] "POST /api/v1/products/ HTTP/1.1" 400 171
::1 - - [06/May/2025:01:00:56 +0000] "POST /api/v1/products/ HTTP/1.1" 400 171
::1 - - [06/May/2025:01:01:12 +0000] "POST /api/v1/products/ HTTP/1.1" 400 31
::1 - - [06/May/2025:01:03:17 +0000] "POST /api/v1/products/ HTTP/1.1" 400 85
::1 - - [06/May/2025:01:04:58 +0000] "POST /api/v1/products/ HTTP/1.1" 400 31
::1 - - [06/May/2025:01:05:22 +0000] "POST /api/v1/products/ HTTP/1.1" 400 31
::1 - - [06/May/2025:01:15:41 +0000] "POST /api/v1/products/ HTTP/1.1" 400 85
::1 - - [06/May/2025:01:20:04 +0000] "POST /api/v1/products/ HTTP/1.1" 400 85
::1 - - [06/May/2025:01:21:03 +0000] "POST /api/v1/products/ HTTP/1.1" 400 85
::1 - - [06/May/2025:01:25:34 +0000] "POST /api/v1/products/ HTTP/1.1" 400 80
::1 - - [06/May/2025:01:28:44 +0000] "POST /api/v1/products/ HTTP/1.1" 400 151
::1 - - [06/May/2025:01:30:27 +0000] "POST /api/v1/products/ HTTP/1.1" 401 43
::1 - - [06/May/2025:01:31:02 +0000] "POST /api/v1/auth/register/ HTTP/1.1" 200 358
::1 - - [06/May/2025:01:31:09 +0000] "POST /api/v1/auth/login/ HTTP/1.1" 400 44
::1 - - [06/May/2025:01:31:57 +0000] "POST /api/v1/auth/login/ HTTP/1.1" 200 839
::1 - - [06/May/2025:01:32:03 +0000] "POST /api/v1/products/ HTTP/1.1" 500 51
::1 - - [06/May/2025:01:33:14 +0000] "POST /api/v1/products/ HTTP/1.1" 500 51
::1 - - [06/May/2025:01:34:42 +0000] "POST /api/v1/products/ HTTP/1.1" 500 51
::1 - - [06/May/2025:01:36:31 +0000] "POST /api/v1/products/ HTTP/1.1" 500 51
::1 - - [06/May/2025:01:36:52 +0000] "POST /api/v1/products/ HTTP/1.1" 500 51
::1 - - [06/May/2025:01:41:05 +0000] "POST /api/v1/products/ HTTP/1.1" 500 51
::1 - - [06/May/2025:01:43:40 +0000] "POST /api/v1/products/ HTTP/1.1" 500 51
::1 - - [06/May/2025:01:44:15 +0000] "POST /api/v1/products/ HTTP/1.1" 500 51
::1 - - [06/May/2025:01:45:19 +0000] "POST /api/v1/products/ HTTP/1.1" 200 370
::1 - - [06/May/2025:01:47:44 +0000] "POST /api/v1/products/ HTTP/1.1" 200 370
::1 - - [06/May/2025:01:51:51 +0000] "POST /api/v1/products/ HTTP/1.1" 400 92
::1 - - [06/May/2025:01:52:23 +0000] "POST /api/v1/products/ HTTP/1.1" 200 370
::1 - - [06/May/2025:01:56:16 +0000] "POST /api/v1/products/ HTTP/1.1" 200 370
::1 - - [06/May/2025:01:58:54 +0000] "POST /api/v1/products/ HTTP/1.1" 200 370
::1 - - [06/May/2025:02:01:43 +0000] "POST /api/v1/products/ HTTP/1.1" 400 92
::1 - - [06/May/2025:02:02:09 +0000] "POST /api/v1/products/ HTTP/1.1" 400 92
::1 - - [06/May/2025:02:02:13 +0000] "POST /api/v1/products/ HTTP/1.1" 400 92
::1 - - [06/May/2025:02:03:22 +0000] "POST /api/v1/products/ HTTP/1.1" 400 92
::1 - - [06/May/2025:02:03:56 +0000] "POST /api/v1/products/ HTTP/1.1" 400 173
::1 - - [06/May/2025:02:04:45 +0000] "POST /api/v1/products/ HTTP/1.1" 400 173
::1 - - [06/May/2025:02:05:01 +0000] "POST /api/v1/products/ HTTP/1.1" 400 173
::1 - - [06/May/2025:02:10:37 +0000] "POST /api/v1/products/ HTTP/1.1" 400 92
::1 - - [06/May/2025:02:25:42 +0000] "POST /api/v1/products/ HTTP/1.1" 200 370
::1 - - [06/May/2025:02:28:04 +0000] "GET /api/v1/products?page=1&limit=5&sort HTTP/1.1" 200 2382
::1 - - [06/May/2025:02:28:19 +0000] "PUT /api/v1/products/68197326de4a726500953fb3 HTTP/1.1" 400 201
::1 - - [06/May/2025:02:28:42 +0000] "GET /api/v1/categories?page=1&limit=10 HTTP/1.1" 200 859
::1 - - [06/May/2025:02:28:56 +0000] "GET /api/v1/outlets?page=1&limit=10 HTTP/1.1" 200 550
::1 - - [06/May/2025:02:29:08 +0000] "PUT /api/v1/products/68197326de4a726500953fb3 HTTP/1.1" 400 201
::1 - - [06/May/2025:02:30:06 +0000] "PUT /api/v1/products/68197326de4a726500953fb3 HTTP/1.1" 400 104
::1 - - [06/May/2025:02:30:39 +0000] "PUT /api/v1/products/68197326de4a726500953fb3 HTTP/1.1" 403 54
::1 - - [06/May/2025:02:30:51 +0000] "PUT /api/v1/auth/update-role/ HTTP/1.1" 200 411
::1 - - [06/May/2025:02:30:56 +0000] "PUT /api/v1/products/68197326de4a726500953fb3 HTTP/1.1" 200 41
::1 - - [06/May/2025:02:51:27 +0000] "POST /api/v1/products/ HTTP/1.1" 403 43
::1 - - [06/May/2025:02:51:35 +0000] "POST /api/v1/auth/login/ HTTP/1.1" 200 839
::1 - - [06/May/2025:02:52:03 +0000] "POST /api/v1/products/ HTTP/1.1" 500 51
::1 - - [06/May/2025:02:53:18 +0000] "POST /api/v1/products/ HTTP/1.1" 500 51
::1 - - [06/May/2025:02:55:48 +0000] "POST /api/v1/products/ HTTP/1.1" 200 332
::1 - - [06/May/2025:02:57:14 +0000] "POST /api/v1/products/ HTTP/1.1" 200 356
::1 - - [06/May/2025:03:00:04 +0000] "PUT /api/v1/products/68197a8abf50f62f81ae2335 HTTP/1.1" 404 47
::1 - - [06/May/2025:03:00:58 +0000] "PUT /api/v1/products/68197a8abf50f62f81ae2335 HTTP/1.1" 404 47
::1 - - [06/May/2025:03:02:23 +0000] "PUT /api/v1/products/68197a8abf50f62f81ae2335 HTTP/1.1" 200 354
::1 - - [06/May/2025:03:03:34 +0000] "PUT /api/v1/products/68197a8abf50f62f81ae2335 HTTP/1.1" 200 392
::1 - - [06/May/2025:03:04:25 +0000] "POST /api/v1/products/ HTTP/1.1" 200 356
::1 - - [06/May/2025:03:05:41 +0000] "POST /api/v1/products/ HTTP/1.1" 200 356
::1 - - [06/May/2025:03:10:01 +0000] "POST /api/v1/products/ HTTP/1.1" 200 356
::1 - - [06/May/2025:03:11:22 +0000] "POST /api/v1/products/ HTTP/1.1" 200 356
::1 - - [06/May/2025:03:13:09 +0000] "POST /api/v1/products/ HTTP/1.1" 200 41
::1 - - [06/May/2025:03:13:50 +0000] "POST /api/v1/products/ HTTP/1.1" 200 41
::1 - - [06/May/2025:03:16:00 +0000] "POST /api/v1/products/ HTTP/1.1" 200 41
::1 - - [06/May/2025:03:16:53 +0000] "POST /api/v1/products/ HTTP/1.1" 200 41
::1 - - [06/May/2025:03:17:09 +0000] "POST /api/v1/products/ HTTP/1.1" 400 181
::1 - - [06/May/2025:03:18:01 +0000] "POST /api/v1/products/ HTTP/1.1" 400 181
::1 - - [06/May/2025:03:19:38 +0000] "POST /api/v1/products/ HTTP/1.1" 200 41
::1 - - [06/May/2025:03:20:55 +0000] "POST /api/v1/products/ HTTP/1.1" 200 393
::1 - - [06/May/2025:03:21:32 +0000] "PUT /api/v1/products/681980176427d60e4c1a949b HTTP/1.1" 200 392
